Grammar

    0 $accept: expression $end

    1 expression: identifier

    2 identifier: ID


Terminals, with rules where they appear

$end (0) 0
error (256)
ID (258) 2


Nonterminals, with rules where they appear

$accept (4)
    on left: 0
expression (5)
    on left: 1, on right: 0
identifier (6)
    on left: 2, on right: 1


State 0

    0 $accept: . expression $end

    ID  shift, and go to state 1

    expression  go to state 2
    identifier  go to state 3


State 1

    2 identifier: ID .

    $default  reduce using rule 2 (identifier)


State 2

    0 $accept: expression . $end

    $end  shift, and go to state 4


State 3

    1 expression: identifier .

    $default  reduce using rule 1 (expression)


State 4

    0 $accept: expression $end .

    $default  accept
