Terminals unused in grammar

   "["
   "]"
   ","
   "."
   EXTENDS
   PUBLIC
   BOOLEAN
   INT
   VOID
   STATIC
   IF
   ELSE
   WHILE
   NEW
   LENGTH
   THIS
   MAIN
   STRING
   EQUAL
   LESS
   AND
   PLUS
   MINUS
   MULT
   NOT
   ASSIGN
   BOOL_VALUE
   INTEGER
   ID


Grammar

    0 $accept: Goal END

    1 Goal: MainClass

    2 MainClass: CLASS "{" StatementList "}"

    3 StatementList: %empty
    4              | StatementList Statement

    5 Statement: PRINT "(" ")" ";"
    6          | RETURN


Terminals, with rules where they appear

END (0) 0
error (256)
"[" (258)
"]" (259)
"(" (260) 5
")" (261) 5
"{" (262) 2
"}" (263) 2
"," (264)
"." (265)
";" (266) 5
CLASS (267) 2
EXTENDS (268)
PUBLIC (269)
BOOLEAN (270)
INT (271)
VOID (272)
STATIC (273)
IF (274)
ELSE (275)
WHILE (276)
NEW (277)
RETURN (278) 6
LENGTH (279)
THIS (280)
MAIN (281)
STRING (282)
PRINT (283) 5
EQUAL (284)
LESS (285)
AND (286)
PLUS (287)
MINUS (288)
MULT (289)
NOT (290)
ASSIGN (291)
BOOL_VALUE (292)
INTEGER (293)
ID (294)


Nonterminals, with rules where they appear

$accept (40)
    on left: 0
Goal (41)
    on left: 1, on right: 0
MainClass (42)
    on left: 2, on right: 1
StatementList (43)
    on left: 3 4, on right: 2 4
Statement (44)
    on left: 5 6, on right: 4


State 0

    0 $accept: . Goal END

    CLASS  shift, and go to state 1

    Goal       go to state 2
    MainClass  go to state 3


State 1

    2 MainClass: CLASS . "{" StatementList "}"

    "{"  shift, and go to state 4


State 2

    0 $accept: Goal . END

    END  shift, and go to state 5


State 3

    1 Goal: MainClass .

    $default  reduce using rule 1 (Goal)


State 4

    2 MainClass: CLASS "{" . StatementList "}"

    $default  reduce using rule 3 (StatementList)

    StatementList  go to state 6


State 5

    0 $accept: Goal END .

    $default  accept


State 6

    2 MainClass: CLASS "{" StatementList . "}"
    4 StatementList: StatementList . Statement

    "}"     shift, and go to state 7
    RETURN  shift, and go to state 8
    PRINT   shift, and go to state 9

    Statement  go to state 10


State 7

    2 MainClass: CLASS "{" StatementList "}" .

    $default  reduce using rule 2 (MainClass)


State 8

    6 Statement: RETURN .

    $default  reduce using rule 6 (Statement)


State 9

    5 Statement: PRINT . "(" ")" ";"

    "("  shift, and go to state 11


State 10

    4 StatementList: StatementList Statement .

    $default  reduce using rule 4 (StatementList)


State 11

    5 Statement: PRINT "(" . ")" ";"

    ")"  shift, and go to state 12


State 12

    5 Statement: PRINT "(" ")" . ";"

    ";"  shift, and go to state 13


State 13

    5 Statement: PRINT "(" ")" ";" .

    $default  reduce using rule 5 (Statement)
